<?xml version="1.0" encoding="UTF-8"?>
<!-- Generated by org.testng.reporters.JUnitReportReporter -->
<testsuite hostname="DineshKumar-PC" failures="0" tests="2" name="Booking.com.Flight" time="79.517" errors="0" timestamp="05 Jul 2024 09:03:08 GMT" skipped="0">
  <testcase classname="Booking.com.Flight" name="Login" time="8.560"/>
  <testcase classname="Booking.com.Flight" name="Search_flight" time="70.957"/>
</testsuite> <!-- Booking.com.Flight -->
