<?xml version="1.0" encoding="UTF-8"?>
<!-- Generated by org.testng.reporters.JUnitReportReporter -->
<testsuite hostname="DELL-PC" failures="0" tests="2" name="Demo.demo.demo_project" time="129.791" errors="0" timestamp="2024-07-04T21:50:59 IST" skipped="0">
  <testcase classname="Demo.demo.demo_project" name="Login" time="99.794"/>
  <system-out/>
  <testcase classname="Demo.demo.demo_project" name="search_flight" time="29.997"/>
  <system-out/>
</testsuite> <!-- Demo.demo.demo_project -->
