<?xml version="1.0" encoding="UTF-8"?>
<!-- Generated by org.testng.reporters.JUnitReportReporter -->
<testsuite hostname="DineshKumar-PC" failures="0" tests="5" name="Booking.com.Flight" time="51.360" errors="0" timestamp="10 Jul 2024 09:31:15 GMT" skipped="0">
  <testcase classname="Booking.com.Flight" name="Login" time="8.556"/>
  <testcase classname="Booking.com.Flight" name="Round_trip" time="11.383"/>
  <testcase classname="Booking.com.Flight" name="Round_trip" time="6.606"/>
  <testcase classname="Booking.com.Flight" name="Round_trip" time="8.612"/>
  <testcase classname="Booking.com.Flight" name="Round_trip" time="16.203"/>
</testsuite> <!-- Booking.com.Flight -->
