<?xml version="1.0" encoding="UTF-8"?>
<!-- Generated by org.testng.reporters.JUnitReportReporter -->
<testsuite hostname="DineshKumar-PC" failures="0" tests="3" name="Booking.com.Flight" time="43.171" errors="0" timestamp="06 Jul 2024 09:14:06 GMT" skipped="0">
  <testcase classname="Booking.com.Flight" name="Login" time="8.440"/>
  <testcase classname="Booking.com.Flight" name="Round_trip" time="23.791"/>
  <testcase classname="Booking.com.Flight" name="Round_trip" time="10.940"/>
</testsuite> <!-- Booking.com.Flight -->
