<?xml version="1.0" encoding="UTF-8"?>
<!-- Generated by org.testng.reporters.JUnitReportReporter -->
<testsuite hostname="DineshKumar-PC" failures="0" tests="4" name="Booking.com.Flight" time="62.808" errors="0" timestamp="09 Jul 2024 08:49:26 GMT" skipped="0">
  <testcase classname="Booking.com.Flight" name="Login" time="8.185"/>
  <testcase classname="Booking.com.Flight" name="Round_trip" time="17.134"/>
  <testcase classname="Booking.com.Flight" name="Round_trip" time="21.017"/>
  <testcase classname="Booking.com.Flight" name="Round_trip" time="16.472"/>
</testsuite> <!-- Booking.com.Flight -->
