<?xml version="1.0" encoding="UTF-8"?>
<!-- Generated by org.testng.reporters.JUnitReportReporter -->
<testsuite hostname="Anbu" failures="0" tests="5" name="Booking.com.Flight" time="232.946" errors="0" timestamp="2024-07-11T20:44:57 IST" skipped="0">
  <testcase classname="Booking.com.Flight" name="Login" time="43.735"/>
  <testcase classname="Booking.com.Flight" name="Round_trip" time="58.401"/>
  <testcase classname="Booking.com.Flight" name="Round_trip" time="43.901"/>
  <testcase classname="Booking.com.Flight" name="Round_trip" time="15.113"/>
  <testcase classname="Booking.com.Flight" name="Round_trip" time="71.796"/>
</testsuite> <!-- Booking.com.Flight -->
